# JRE version: OpenJDK Runtime Environment (17.0.11) (build 17.0.11+0--11852314)
# Java VM: OpenJDK 64-Bit Server VM (17.0.11+0--11852314, mixed mode, tiered, compressed oops, compressed class ptrs, g1 gc, windows-amd64)
GC Precious Log:
 CPUs: 8 total, 8 available
 Memory: 20389M
 Large Page Support: Disabled
 NUMA Support: Disabled
 Compressed Oops: Enabled (32-bit)
 Heap Region Size: 1M
 Heap Min Capacity: 8M
 Heap Initial Capacity: 320M
 Heap Max Capacity: 2G
 Pre-touch: Disabled
 Parallel Workers: 8
 Concurrent Workers: 2
 Concurrent Refinement Workers: 8
 Periodic GC: Disabled
Heap:
 garbage-first heap   total 447488K, used 122153K [0x0000000080000000, 0x0000000100000000)
  region size 1024K, 3 young (3072K), 3 survivors (3072K)
 Metaspace       used 151086K, committed 152448K, reserved 1245184K
  class space    used 19801K, committed 20416K, reserved 1048576K
GC Heap History (20 events):
Event: 10409.364 GC heap after
{Heap after GC invocations=97 (full 0):
 garbage-first heap   total 447488K, used 154381K [0x0000000080000000, 0x0000000100000000)
  region size 1024K, 3 young (3072K), 3 survivors (3072K)
 Metaspace       used 150322K, committed 151616K, reserved 1245184K
  class space    used 19791K, committed 20352K, reserved 1048576K
}
Event: 10409.486 GC heap before
{Heap before GC invocations=97 (full 0):
 garbage-first heap   total 447488K, used 169741K [0x0000000080000000, 0x0000000100000000)
  region size 1024K, 20 young (20480K), 3 survivors (3072K)
 Metaspace       used 150327K, committed 151616K, reserved 1245184K
  class space    used 19791K, committed 20352K, reserved 1048576K
}
Event: 10409.502 GC heap after
{Heap after GC invocations=98 (full 0):
 garbage-first heap   total 447488K, used 161570K [0x0000000080000000, 0x0000000100000000)
  region size 1024K, 10 young (10240K), 10 survivors (10240K)
 Metaspace       used 150327K, committed 151616K, reserved 1245184K
  class space    used 19791K, committed 20352K, reserved 1048576K
}
Event: 10744.626 GC heap before
{Heap before GC invocations=99 (full 0):
 garbage-first heap   total 447488K, used 372514K [0x0000000080000000, 0x0000000100000000)
  region size 1024K, 172 young (176128K), 10 survivors (10240K)
 Metaspace       used 150440K, committed 151680K, reserved 1245184K
  class space    used 19793K, committed 20352K, reserved 1048576K
}
Event: 10744.654 GC heap after
{Heap after GC invocations=100 (full 0):
 garbage-first heap   total 447488K, used 157755K [0x0000000080000000, 0x0000000100000000)
  region size 1024K, 14 young (14336K), 14 survivors (14336K)
 Metaspace       used 150440K, committed 151680K, reserved 1245184K
  class space    used 19793K, committed 20352K, reserved 1048576K
}
Event: 10744.926 GC heap before
{Heap before GC invocations=100 (full 0):
 garbage-first heap   total 447488K, used 165947K [0x0000000080000000, 0x0000000100000000)
  region size 1024K, 21 young (21504K), 14 survivors (14336K)
 Metaspace       used 150444K, committed 151680K, reserved 1245184K
  class space    used 19793K, committed 20352K, reserved 1048576K
}
Event: 10744.968 GC heap after
{Heap after GC invocations=101 (full 0):
 garbage-first heap   total 447488K, used 141555K [0x0000000080000000, 0x0000000100000000)
  region size 1024K, 3 young (3072K), 3 survivors (3072K)
 Metaspace       used 150444K, committed 151680K, reserved 1245184K
  class space    used 19793K, committed 20352K, reserved 1048576K
}
Event: 10746.687 GC heap before
{Heap before GC invocations=101 (full 0):
 garbage-first heap   total 447488K, used 214259K [0x0000000080000000, 0x0000000100000000)
  region size 1024K, 76 young (77824K), 3 survivors (3072K)
 Metaspace       used 150535K, committed 151808K, reserved 1245184K
  class space    used 19793K, committed 20352K, reserved 1048576K
}
Event: 10746.700 GC heap after
{Heap after GC invocations=102 (full 0):
 garbage-first heap   total 447488K, used 146159K [0x0000000080000000, 0x0000000100000000)
  region size 1024K, 8 young (8192K), 8 survivors (8192K)
 Metaspace       used 150535K, committed 151808K, reserved 1245184K
  class space    used 19793K, committed 20352K, reserved 1048576K
}
Event: 10948.657 GC heap before
{Heap before GC invocations=103 (full 0):
 garbage-first heap   total 447488K, used 409327K [0x0000000080000000, 0x0000000100000000)
  region size 1024K, 198 young (202752K), 8 survivors (8192K)
 Metaspace       used 150824K, committed 152192K, reserved 1245184K
  class space    used 19798K, committed 20416K, reserved 1048576K
}
Event: 10948.671 GC heap after
{Heap after GC invocations=104 (full 0):
 garbage-first heap   total 447488K, used 144950K [0x0000000080000000, 0x0000000100000000)
  region size 1024K, 10 young (10240K), 10 survivors (10240K)
 Metaspace       used 150824K, committed 152192K, reserved 1245184K
  class space    used 19798K, committed 20416K, reserved 1048576K
}
Event: 10948.816 GC heap before
{Heap before GC invocations=104 (full 0):
 garbage-first heap   total 447488K, used 155190K [0x0000000080000000, 0x0000000100000000)
  region size 1024K, 21 young (21504K), 10 survivors (10240K)
 Metaspace       used 150842K, committed 152192K, reserved 1245184K
  class space    used 19798K, committed 20416K, reserved 1048576K
}
Event: 10948.845 GC heap after
{Heap after GC invocations=105 (full 0):
 garbage-first heap   total 447488K, used 120732K [0x0000000080000000, 0x0000000100000000)
  region size 1024K, 2 young (2048K), 2 survivors (2048K)
 Metaspace       used 150842K, committed 152192K, reserved 1245184K
  class space    used 19798K, committed 20416K, reserved 1048576K
}
Event: 10949.260 GC heap before
{Heap before GC invocations=105 (full 0):
 garbage-first heap   total 447488K, used 148380K [0x0000000080000000, 0x0000000100000000)
  region size 1024K, 30 young (30720K), 2 survivors (2048K)
 Metaspace       used 150896K, committed 152256K, reserved 1245184K
  class space    used 19798K, committed 20416K, reserved 1048576K
}
Event: 10949.274 GC heap after
{Heap after GC invocations=106 (full 0):
 garbage-first heap   total 447488K, used 124580K [0x0000000080000000, 0x0000000100000000)
  region size 1024K, 6 young (6144K), 6 survivors (6144K)
 Metaspace       used 150896K, committed 152256K, reserved 1245184K
  class space    used 19798K, committed 20416K, reserved 1048576K
}
Event: 11129.213 GC heap before
{Heap before GC invocations=107 (full 0):
 garbage-first heap   total 447488K, used 388772K [0x0000000080000000, 0x0000000100000000)
  region size 1024K, 210 young (215040K), 6 survivors (6144K)
 Metaspace       used 151076K, committed 152448K, reserved 1245184K
  class space    used 19801K, committed 20416K, reserved 1048576K
}
Event: 11129.242 GC heap after
{Heap after GC invocations=108 (full 0):
 garbage-first heap   total 447488K, used 134202K [0x0000000080000000, 0x0000000100000000)
  region size 1024K, 16 young (16384K), 16 survivors (16384K)
 Metaspace       used 151076K, committed 152448K, reserved 1245184K
  class space    used 19801K, committed 20416K, reserved 1048576K
}
Event: 11129.473 GC heap before
{Heap before GC invocations=108 (full 0):
 garbage-first heap   total 447488K, used 138298K [0x0000000080000000, 0x0000000100000000)
  region size 1024K, 21 young (21504K), 16 survivors (16384K)
 Metaspace       used 151085K, committed 152448K, reserved 1245184K
  class space    used 19801K, committed 20416K, reserved 1048576K
}
Event: 11129.503 GC heap after
{Heap after GC invocations=109 (full 0):
 garbage-first heap   total 447488K, used 122866K [0x0000000080000000, 0x0000000100000000)
  region size 1024K, 3 young (3072K), 3 survivors (3072K)
 Metaspace       used 151085K, committed 152448K, reserved 1245184K
  class space    used 19801K, committed 20416K, reserved 1048576K
}
Event: 11129.528 GC heap before
{Heap before GC invocations=109 (full 0):
 garbage-first heap   total 447488K, used 123890K [0x0000000080000000, 0x0000000100000000)
  region size 1024K, 5 young (5120K), 3 survivors (3072K)
 Metaspace       used 151086K, committed 152448K, reserved 1245184K
  class space    used 19801K, committed 20416K, reserved 1048576K
}

