# JRE version: OpenJDK Runtime Environment (17.0.11) (build 17.0.11+0--11852314)
# Java VM: OpenJDK 64-Bit Server VM (17.0.11+0--11852314, mixed mode, tiered, compressed oops, compressed class ptrs, g1 gc, windows-amd64)
GC Precious Log:
 CPUs: 8 total, 8 available
 Memory: 20389M
 Large Page Support: Disabled
 NUMA Support: Disabled
 Compressed Oops: Enabled (32-bit)
 Heap Region Size: 1M
 Heap Min Capacity: 8M
 Heap Initial Capacity: 320M
 Heap Max Capacity: 2G
 Pre-touch: Disabled
 Parallel Workers: 8
 Concurrent Workers: 2
 Concurrent Refinement Workers: 8
 Periodic GC: Disabled
Heap:
 garbage-first heap   total 327680K, used 125019K [0x0000000080000000, 0x0000000100000000)
  region size 1024K, 6 young (6144K), 6 survivors (6144K)
 Metaspace       used 103603K, committed 104384K, reserved 1179648K
  class space    used 14124K, committed 14528K, reserved 1048576K
GC Heap History (20 events):
Event: 19.664 GC heap after
{Heap after GC invocations=19 (full 0):
 garbage-first heap   total 191488K, used 74022K [0x0000000080000000, 0x0000000100000000)
  region size 1024K, 7 young (7168K), 7 survivors (7168K)
 Metaspace       used 87815K, committed 88448K, reserved 1179648K
  class space    used 12262K, committed 12544K, reserved 1048576K
}
Event: 21.376 GC heap before
{Heap before GC invocations=19 (full 0):
 garbage-first heap   total 191488K, used 153894K [0x0000000080000000, 0x0000000100000000)
  region size 1024K, 86 young (88064K), 7 survivors (7168K)
 Metaspace       used 93628K, committed 94336K, reserved 1179648K
  class space    used 13103K, committed 13440K, reserved 1048576K
}
Event: 21.399 GC heap after
{Heap after GC invocations=20 (full 0):
 garbage-first heap   total 191488K, used 82042K [0x0000000080000000, 0x0000000100000000)
  region size 1024K, 11 young (11264K), 11 survivors (11264K)
 Metaspace       used 93628K, committed 94336K, reserved 1179648K
  class space    used 13103K, committed 13440K, reserved 1048576K
}
Event: 22.090 GC heap before
{Heap before GC invocations=20 (full 0):
 garbage-first heap   total 191488K, used 152698K [0x0000000080000000, 0x0000000100000000)
  region size 1024K, 80 young (81920K), 11 survivors (11264K)
 Metaspace       used 94135K, committed 94848K, reserved 1179648K
  class space    used 13185K, committed 13504K, reserved 1048576K
}
Event: 22.109 GC heap after
{Heap after GC invocations=21 (full 0):
 garbage-first heap   total 191488K, used 85846K [0x0000000080000000, 0x0000000100000000)
  region size 1024K, 6 young (6144K), 6 survivors (6144K)
 Metaspace       used 94135K, committed 94848K, reserved 1179648K
  class space    used 13185K, committed 13504K, reserved 1048576K
}
Event: 23.995 GC heap before
{Heap before GC invocations=21 (full 0):
 garbage-first heap   total 191488K, used 152406K [0x0000000080000000, 0x0000000100000000)
  region size 1024K, 68 young (69632K), 6 survivors (6144K)
 Metaspace       used 97353K, committed 98048K, reserved 1179648K
  class space    used 13461K, committed 13824K, reserved 1048576K
}
Event: 24.012 GC heap after
{Heap after GC invocations=22 (full 0):
 garbage-first heap   total 191488K, used 94408K [0x0000000080000000, 0x0000000100000000)
  region size 1024K, 9 young (9216K), 9 survivors (9216K)
 Metaspace       used 97353K, committed 98048K, reserved 1179648K
  class space    used 13461K, committed 13824K, reserved 1048576K
}
Event: 24.013 GC heap before
{Heap before GC invocations=22 (full 0):
 garbage-first heap   total 191488K, used 95432K [0x0000000080000000, 0x0000000100000000)
  region size 1024K, 10 young (10240K), 9 survivors (9216K)
 Metaspace       used 97354K, committed 98048K, reserved 1179648K
  class space    used 13461K, committed 13824K, reserved 1048576K
}
Event: 24.025 GC heap after
{Heap after GC invocations=23 (full 0):
 garbage-first heap   total 191488K, used 95840K [0x0000000080000000, 0x0000000100000000)
  region size 1024K, 1 young (1024K), 1 survivors (1024K)
 Metaspace       used 97354K, committed 98048K, reserved 1179648K
  class space    used 13461K, committed 13824K, reserved 1048576K
}
Event: 25.612 GC heap before
{Heap before GC invocations=24 (full 0):
 garbage-first heap   total 191488K, used 169568K [0x0000000080000000, 0x0000000100000000)
  region size 1024K, 58 young (59392K), 1 survivors (1024K)
 Metaspace       used 97954K, committed 98688K, reserved 1179648K
  class space    used 13523K, committed 13888K, reserved 1048576K
}
Event: 25.648 GC heap after
{Heap after GC invocations=25 (full 0):
 garbage-first heap   total 191488K, used 117032K [0x0000000080000000, 0x0000000100000000)
  region size 1024K, 8 young (8192K), 8 survivors (8192K)
 Metaspace       used 97954K, committed 98688K, reserved 1179648K
  class space    used 13523K, committed 13888K, reserved 1048576K
}
Event: 25.676 GC heap before
{Heap before GC invocations=25 (full 0):
 garbage-first heap   total 191488K, used 118056K [0x0000000080000000, 0x0000000100000000)
  region size 1024K, 9 young (9216K), 8 survivors (8192K)
 Metaspace       used 97956K, committed 98688K, reserved 1179648K
  class space    used 13523K, committed 13888K, reserved 1048576K
}
Event: 25.691 GC heap after
{Heap after GC invocations=26 (full 0):
 garbage-first heap   total 191488K, used 116099K [0x0000000080000000, 0x0000000100000000)
  region size 1024K, 1 young (1024K), 1 survivors (1024K)
 Metaspace       used 97956K, committed 98688K, reserved 1179648K
  class space    used 13523K, committed 13888K, reserved 1048576K
}
Event: 26.837 GC heap before
{Heap before GC invocations=26 (full 0):
 garbage-first heap   total 191488K, used 155011K [0x0000000080000000, 0x0000000100000000)
  region size 1024K, 39 young (39936K), 1 survivors (1024K)
 Metaspace       used 100260K, committed 100928K, reserved 1179648K
  class space    used 13799K, committed 14144K, reserved 1048576K
}
Event: 26.846 GC heap after
{Heap after GC invocations=27 (full 0):
 garbage-first heap   total 191488K, used 117738K [0x0000000080000000, 0x0000000100000000)
  region size 1024K, 3 young (3072K), 3 survivors (3072K)
 Metaspace       used 100260K, committed 100928K, reserved 1179648K
  class space    used 13799K, committed 14144K, reserved 1048576K
}
Event: 27.940 GC heap before
{Heap before GC invocations=28 (full 0):
 garbage-first heap   total 198656K, used 169962K [0x0000000080000000, 0x0000000100000000)
  region size 1024K, 40 young (40960K), 3 survivors (3072K)
 Metaspace       used 100913K, committed 101632K, reserved 1179648K
  class space    used 13865K, committed 14208K, reserved 1048576K
}
Event: 27.956 GC heap after
{Heap after GC invocations=29 (full 0):
 garbage-first heap   total 198656K, used 119683K [0x0000000080000000, 0x0000000100000000)
  region size 1024K, 5 young (5120K), 5 survivors (5120K)
 Metaspace       used 100913K, committed 101632K, reserved 1179648K
  class space    used 13865K, committed 14208K, reserved 1048576K
}
Event: 27.975 GC heap before
{Heap before GC invocations=29 (full 0):
 garbage-first heap   total 198656K, used 123779K [0x0000000080000000, 0x0000000100000000)
  region size 1024K, 9 young (9216K), 5 survivors (5120K)
 Metaspace       used 100987K, committed 101760K, reserved 1179648K
  class space    used 13873K, committed 14208K, reserved 1048576K
}
Event: 27.984 GC heap after
{Heap after GC invocations=30 (full 0):
 garbage-first heap   total 198656K, used 119578K [0x0000000080000000, 0x0000000100000000)
  region size 1024K, 2 young (2048K), 2 survivors (2048K)
 Metaspace       used 100987K, committed 101760K, reserved 1179648K
  class space    used 13873K, committed 14208K, reserved 1048576K
}
Event: 28.392 GC heap before
{Heap before GC invocations=30 (full 0):
 garbage-first heap   total 198656K, used 160538K [0x0000000080000000, 0x0000000100000000)
  region size 1024K, 43 young (44032K), 2 survivors (2048K)
 Metaspace       used 103603K, committed 104384K, reserved 1179648K
  class space    used 14124K, committed 14528K, reserved 1048576K
}

