# JRE version: OpenJDK Runtime Environment (17.0.11) (build 17.0.11+0--11852314)
# Java VM: OpenJDK 64-Bit Server VM (17.0.11+0--11852314, mixed mode, tiered, compressed oops, compressed class ptrs, g1 gc, windows-amd64)
GC Precious Log:
 CPUs: 8 total, 8 available
 Memory: 20389M
 Large Page Support: Disabled
 NUMA Support: Disabled
 Compressed Oops: Enabled (32-bit)
 Heap Region Size: 1M
 Heap Min Capacity: 8M
 Heap Initial Capacity: 320M
 Heap Max Capacity: 2G
 Pre-touch: Disabled
 Parallel Workers: 8
 Concurrent Workers: 2
 Concurrent Refinement Workers: 8
 Periodic GC: Disabled
Heap:
 garbage-first heap   total 331776K, used 120712K [0x0000000080000000, 0x0000000100000000)
  region size 1024K, 2 young (2048K), 2 survivors (2048K)
 Metaspace       used 131726K, committed 132672K, reserved 1179648K
  class space    used 17999K, committed 18496K, reserved 1048576K
GC Heap History (20 events):
Event: 37.890 GC heap after
{Heap after GC invocations=39 (full 0):
 garbage-first heap   total 331776K, used 90321K [0x0000000080000000, 0x0000000100000000)
  region size 1024K, 4 young (4096K), 4 survivors (4096K)
 Metaspace       used 92954K, committed 93632K, reserved 1179648K
  class space    used 12868K, committed 13184K, reserved 1048576K
}
Event: 45.202 GC heap before
{Heap before GC invocations=40 (full 0):
 garbage-first heap   total 331776K, used 274641K [0x0000000080000000, 0x0000000100000000)
  region size 1024K, 178 young (182272K), 4 survivors (4096K)
 Metaspace       used 105051K, committed 105856K, reserved 1179648K
  class space    used 14258K, committed 14592K, reserved 1048576K
}
Event: 45.256 GC heap after
{Heap after GC invocations=41 (full 0):
 garbage-first heap   total 331776K, used 111638K [0x0000000080000000, 0x0000000100000000)
  region size 1024K, 23 young (23552K), 23 survivors (23552K)
 Metaspace       used 105051K, committed 105856K, reserved 1179648K
  class space    used 14258K, committed 14592K, reserved 1048576K
}
Event: 45.269 GC heap before
{Heap before GC invocations=41 (full 0):
 garbage-first heap   total 331776K, used 112662K [0x0000000080000000, 0x0000000100000000)
  region size 1024K, 24 young (24576K), 23 survivors (23552K)
 Metaspace       used 105052K, committed 105856K, reserved 1179648K
  class space    used 14258K, committed 14592K, reserved 1048576K
}
Event: 45.306 GC heap after
{Heap after GC invocations=42 (full 0):
 garbage-first heap   total 331776K, used 112759K [0x0000000080000000, 0x0000000100000000)
  region size 1024K, 3 young (3072K), 3 survivors (3072K)
 Metaspace       used 105052K, committed 105856K, reserved 1179648K
  class space    used 14258K, committed 14592K, reserved 1048576K
}
Event: 48.286 GC heap before
{Heap before GC invocations=42 (full 0):
 garbage-first heap   total 331776K, used 242807K [0x0000000080000000, 0x0000000100000000)
  region size 1024K, 131 young (134144K), 3 survivors (3072K)
 Metaspace       used 108806K, committed 109568K, reserved 1179648K
  class space    used 14786K, committed 15168K, reserved 1048576K
}
Event: 48.304 GC heap after
{Heap after GC invocations=43 (full 0):
 garbage-first heap   total 331776K, used 117459K [0x0000000080000000, 0x0000000100000000)
  region size 1024K, 7 young (7168K), 7 survivors (7168K)
 Metaspace       used 108806K, committed 109568K, reserved 1179648K
  class space    used 14786K, committed 15168K, reserved 1048576K
}
Event: 52.514 GC heap before
{Heap before GC invocations=43 (full 0):
 garbage-first heap   total 331776K, used 251603K [0x0000000080000000, 0x0000000100000000)
  region size 1024K, 139 young (142336K), 7 survivors (7168K)
 Metaspace       used 123108K, committed 123904K, reserved 1179648K
  class space    used 17021K, committed 17408K, reserved 1048576K
}
Event: 52.537 GC heap after
{Heap after GC invocations=44 (full 0):
 garbage-first heap   total 331776K, used 120483K [0x0000000080000000, 0x0000000100000000)
  region size 1024K, 10 young (10240K), 10 survivors (10240K)
 Metaspace       used 123108K, committed 123904K, reserved 1179648K
  class space    used 17021K, committed 17408K, reserved 1048576K
}
Event: 131.712 GC heap before
{Heap before GC invocations=45 (full 0):
 garbage-first heap   total 331776K, used 304803K [0x0000000080000000, 0x0000000100000000)
  region size 1024K, 131 young (134144K), 10 survivors (10240K)
 Metaspace       used 130624K, committed 131584K, reserved 1179648K
  class space    used 17985K, committed 18432K, reserved 1048576K
}
Event: 131.742 GC heap after
{Heap after GC invocations=46 (full 0):
 garbage-first heap   total 331776K, used 130803K [0x0000000080000000, 0x0000000100000000)
  region size 1024K, 16 young (16384K), 16 survivors (16384K)
 Metaspace       used 130624K, committed 131584K, reserved 1179648K
  class space    used 17985K, committed 18432K, reserved 1048576K
}
Event: 131.775 GC heap before
{Heap before GC invocations=46 (full 0):
 garbage-first heap   total 331776K, used 131827K [0x0000000080000000, 0x0000000100000000)
  region size 1024K, 17 young (17408K), 16 survivors (16384K)
 Metaspace       used 130627K, committed 131584K, reserved 1179648K
  class space    used 17985K, committed 18432K, reserved 1048576K
}
Event: 131.802 GC heap after
{Heap after GC invocations=47 (full 0):
 garbage-first heap   total 331776K, used 130266K [0x0000000080000000, 0x0000000100000000)
  region size 1024K, 2 young (2048K), 2 survivors (2048K)
 Metaspace       used 130627K, committed 131584K, reserved 1179648K
  class space    used 17985K, committed 18432K, reserved 1048576K
}
Event: 133.376 GC heap before
{Heap before GC invocations=47 (full 0):
 garbage-first heap   total 331776K, used 169178K [0x0000000080000000, 0x0000000100000000)
  region size 1024K, 41 young (41984K), 2 survivors (2048K)
 Metaspace       used 130815K, committed 131712K, reserved 1179648K
  class space    used 17988K, committed 18432K, reserved 1048576K
}
Event: 133.389 GC heap after
{Heap after GC invocations=48 (full 0):
 garbage-first heap   total 331776K, used 134842K [0x0000000080000000, 0x0000000100000000)
  region size 1024K, 7 young (7168K), 7 survivors (7168K)
 Metaspace       used 130815K, committed 131712K, reserved 1179648K
  class space    used 17988K, committed 18432K, reserved 1048576K
}
Event: 137.519 GC heap before
{Heap before GC invocations=49 (full 0):
 garbage-first heap   total 331776K, used 250554K [0x0000000080000000, 0x0000000100000000)
  region size 1024K, 124 young (126976K), 7 survivors (7168K)
 Metaspace       used 131531K, committed 132480K, reserved 1179648K
  class space    used 17996K, committed 18432K, reserved 1048576K
}
Event: 137.530 GC heap after
{Heap after GC invocations=50 (full 0):
 garbage-first heap   total 331776K, used 130968K [0x0000000080000000, 0x0000000100000000)
  region size 1024K, 6 young (6144K), 6 survivors (6144K)
 Metaspace       used 131531K, committed 132480K, reserved 1179648K
  class space    used 17996K, committed 18432K, reserved 1048576K
}
Event: 137.889 GC heap before
{Heap before GC invocations=50 (full 0):
 garbage-first heap   total 331776K, used 140184K [0x0000000080000000, 0x0000000100000000)
  region size 1024K, 16 young (16384K), 6 survivors (6144K)
 Metaspace       used 131673K, committed 132608K, reserved 1179648K
  class space    used 17996K, committed 18432K, reserved 1048576K
}
Event: 137.905 GC heap after
{Heap after GC invocations=51 (full 0):
 garbage-first heap   total 331776K, used 120742K [0x0000000080000000, 0x0000000100000000)
  region size 1024K, 2 young (2048K), 2 survivors (2048K)
 Metaspace       used 131673K, committed 132608K, reserved 1179648K
  class space    used 17996K, committed 18432K, reserved 1048576K
}
Event: 138.236 GC heap before
{Heap before GC invocations=51 (full 0):
 garbage-first heap   total 331776K, used 124838K [0x0000000080000000, 0x0000000100000000)
  region size 1024K, 8 young (8192K), 2 survivors (2048K)
 Metaspace       used 131726K, committed 132672K, reserved 1179648K
  class space    used 17999K, committed 18496K, reserved 1048576K
}

