# JRE version: OpenJDK Runtime Environment (17.0.11) (build 17.0.11+0--11852314)
# Java VM: OpenJDK 64-Bit Server VM (17.0.11+0--11852314, mixed mode, tiered, compressed oops, compressed class ptrs, g1 gc, windows-amd64)
GC Precious Log:
 CPUs: 8 total, 8 available
 Memory: 20389M
 Large Page Support: Disabled
 NUMA Support: Disabled
 Compressed Oops: Enabled (32-bit)
 Heap Region Size: 1M
 Heap Min Capacity: 8M
 Heap Initial Capacity: 320M
 Heap Max Capacity: 2G
 Pre-touch: Disabled
 Parallel Workers: 8
 Concurrent Workers: 2
 Concurrent Refinement Workers: 8
 Periodic GC: Disabled
Heap:
 garbage-first heap   total 430080K, used 143262K [0x0000000080000000, 0x0000000100000000)
  region size 1024K, 6 young (6144K), 6 survivors (6144K)
 Metaspace       used 141224K, committed 142272K, reserved 1179648K
  class space    used 19251K, committed 19776K, reserved 1048576K
GC Heap History (20 events):
Event: 978.654 GC heap after
{Heap after GC invocations=37 (full 0):
 garbage-first heap   total 427008K, used 129783K [0x0000000080000000, 0x0000000100000000)
  region size 1024K, 3 young (3072K), 3 survivors (3072K)
 Metaspace       used 119507K, committed 120384K, reserved 1179648K
  class space    used 16099K, committed 16512K, reserved 1048576K
}
Event: 980.630 GC heap before
{Heap before GC invocations=37 (full 0):
 garbage-first heap   total 427008K, used 180983K [0x0000000080000000, 0x0000000100000000)
  region size 1024K, 54 young (55296K), 3 survivors (3072K)
 Metaspace       used 121854K, committed 122688K, reserved 1179648K
  class space    used 16360K, committed 16768K, reserved 1048576K
}
Event: 980.640 GC heap after
{Heap after GC invocations=38 (full 0):
 garbage-first heap   total 427008K, used 130706K [0x0000000080000000, 0x0000000100000000)
  region size 1024K, 4 young (4096K), 4 survivors (4096K)
 Metaspace       used 121854K, committed 122688K, reserved 1179648K
  class space    used 16360K, committed 16768K, reserved 1048576K
}
Event: 982.754 GC heap before
{Heap before GC invocations=39 (full 0):
 garbage-first heap   total 427008K, used 299666K [0x0000000080000000, 0x0000000100000000)
  region size 1024K, 168 young (172032K), 4 survivors (4096K)
 Metaspace       used 136844K, committed 137792K, reserved 1179648K
  class space    used 18738K, committed 19200K, reserved 1048576K
}
Event: 982.791 GC heap after
{Heap after GC invocations=40 (full 0):
 garbage-first heap   total 427008K, used 144535K [0x0000000080000000, 0x0000000100000000)
  region size 1024K, 18 young (18432K), 18 survivors (18432K)
 Metaspace       used 136844K, committed 137792K, reserved 1179648K
  class space    used 18738K, committed 19200K, reserved 1048576K
}
Event: 982.822 GC heap before
{Heap before GC invocations=40 (full 0):
 garbage-first heap   total 427008K, used 145559K [0x0000000080000000, 0x0000000100000000)
  region size 1024K, 20 young (20480K), 18 survivors (18432K)
 Metaspace       used 137006K, committed 137984K, reserved 1179648K
  class space    used 18748K, committed 19200K, reserved 1048576K
}
Event: 982.848 GC heap after
{Heap after GC invocations=41 (full 0):
 garbage-first heap   total 427008K, used 142039K [0x0000000080000000, 0x0000000100000000)
  region size 1024K, 3 young (3072K), 3 survivors (3072K)
 Metaspace       used 137006K, committed 137984K, reserved 1179648K
  class space    used 18748K, committed 19200K, reserved 1048576K
}
Event: 983.480 GC heap before
{Heap before GC invocations=41 (full 0):
 garbage-first heap   total 427008K, used 184023K [0x0000000080000000, 0x0000000100000000)
  region size 1024K, 46 young (47104K), 3 survivors (3072K)
 Metaspace       used 137994K, committed 138944K, reserved 1179648K
  class space    used 18803K, committed 19264K, reserved 1048576K
}
Event: 983.489 GC heap after
{Heap after GC invocations=42 (full 0):
 garbage-first heap   total 427008K, used 142663K [0x0000000080000000, 0x0000000100000000)
  region size 1024K, 3 young (3072K), 3 survivors (3072K)
 Metaspace       used 137994K, committed 138944K, reserved 1179648K
  class space    used 18803K, committed 19264K, reserved 1048576K
}
Event: 1350.037 GC heap before
{Heap before GC invocations=43 (full 0):
 garbage-first heap   total 427008K, used 353607K [0x0000000080000000, 0x0000000100000000)
  region size 1024K, 175 young (179200K), 3 survivors (3072K)
 Metaspace       used 140507K, committed 141504K, reserved 1179648K
  class space    used 19231K, committed 19712K, reserved 1048576K
}
Event: 1350.054 GC heap after
{Heap after GC invocations=44 (full 0):
 garbage-first heap   total 427008K, used 165033K [0x0000000080000000, 0x0000000100000000)
  region size 1024K, 22 young (22528K), 22 survivors (22528K)
 Metaspace       used 140507K, committed 141504K, reserved 1179648K
  class space    used 19231K, committed 19712K, reserved 1048576K
}
Event: 1350.073 GC heap before
{Heap before GC invocations=44 (full 0):
 garbage-first heap   total 427008K, used 166057K [0x0000000080000000, 0x0000000100000000)
  region size 1024K, 23 young (23552K), 22 survivors (22528K)
 Metaspace       used 140531K, committed 141504K, reserved 1179648K
  class space    used 19231K, committed 19712K, reserved 1048576K
}
Event: 1350.093 GC heap after
{Heap after GC invocations=45 (full 0):
 garbage-first heap   total 427008K, used 155462K [0x0000000080000000, 0x0000000100000000)
  region size 1024K, 2 young (2048K), 2 survivors (2048K)
 Metaspace       used 140531K, committed 141504K, reserved 1179648K
  class space    used 19231K, committed 19712K, reserved 1048576K
}
Event: 1350.149 GC heap before
{Heap before GC invocations=45 (full 0):
 garbage-first heap   total 427008K, used 164678K [0x0000000080000000, 0x0000000100000000)
  region size 1024K, 12 young (12288K), 2 survivors (2048K)
 Metaspace       used 140537K, committed 141504K, reserved 1179648K
  class space    used 19231K, committed 19712K, reserved 1048576K
}
Event: 1350.156 GC heap after
{Heap after GC invocations=46 (full 0):
 garbage-first heap   total 427008K, used 162743K [0x0000000080000000, 0x0000000100000000)
  region size 1024K, 10 young (10240K), 10 survivors (10240K)
 Metaspace       used 140537K, committed 141504K, reserved 1179648K
  class space    used 19231K, committed 19712K, reserved 1048576K
}
Event: 1352.639 GC heap before
{Heap before GC invocations=47 (full 0):
 garbage-first heap   total 427008K, used 275383K [0x0000000080000000, 0x0000000100000000)
  region size 1024K, 107 young (109568K), 10 survivors (10240K)
 Metaspace       used 140929K, committed 141952K, reserved 1179648K
  class space    used 19247K, committed 19776K, reserved 1048576K
}
Event: 1352.653 GC heap after
{Heap after GC invocations=48 (full 0):
 garbage-first heap   total 427008K, used 160151K [0x0000000080000000, 0x0000000100000000)
  region size 1024K, 7 young (7168K), 7 survivors (7168K)
 Metaspace       used 140929K, committed 141952K, reserved 1179648K
  class space    used 19247K, committed 19776K, reserved 1048576K
}
Event: 1352.799 GC heap before
{Heap before GC invocations=48 (full 0):
 garbage-first heap   total 427008K, used 174487K [0x0000000080000000, 0x0000000100000000)
  region size 1024K, 20 young (20480K), 7 survivors (7168K)
 Metaspace       used 140963K, committed 142016K, reserved 1179648K
  class space    used 19249K, committed 19776K, reserved 1048576K
}
Event: 1352.826 GC heap after
{Heap after GC invocations=49 (full 0):
 garbage-first heap   total 427008K, used 139483K [0x0000000080000000, 0x0000000100000000)
  region size 1024K, 3 young (3072K), 3 survivors (3072K)
 Metaspace       used 140963K, committed 142016K, reserved 1179648K
  class space    used 19249K, committed 19776K, reserved 1048576K
}
Event: 1353.595 GC heap before
{Heap before GC invocations=49 (full 0):
 garbage-first heap   total 427008K, used 226523K [0x0000000080000000, 0x0000000100000000)
  region size 1024K, 90 young (92160K), 3 survivors (3072K)
 Metaspace       used 141224K, committed 142272K, reserved 1179648K
  class space    used 19251K, committed 19776K, reserved 1048576K
}

