# JRE version: OpenJDK Runtime Environment (17.0.11) (build 17.0.11+0--11852314)
# Java VM: OpenJDK 64-Bit Server VM (17.0.11+0--11852314, mixed mode, tiered, compressed oops, compressed class ptrs, g1 gc, windows-amd64)
GC Precious Log:
 CPUs: 8 total, 8 available
 Memory: 20389M
 Large Page Support: Disabled
 NUMA Support: Disabled
 Compressed Oops: Enabled (32-bit)
 Heap Region Size: 1M
 Heap Min Capacity: 8M
 Heap Initial Capacity: 320M
 Heap Max Capacity: 2G
 Pre-touch: Disabled
 Parallel Workers: 8
 Concurrent Workers: 2
 Concurrent Refinement Workers: 8
 Periodic GC: Disabled
Heap:
 garbage-first heap   total 278528K, used 118192K [0x0000000080000000, 0x0000000100000000)
  region size 1024K, 1 young (1024K), 1 survivors (1024K)
 Metaspace       used 126305K, committed 127232K, reserved 1179648K
  class space    used 17726K, committed 18176K, reserved 1048576K
GC Heap History (20 events):
Event: 24.866 GC heap after
{Heap after GC invocations=27 (full 0):
 garbage-first heap   total 233472K, used 97422K [0x0000000080000000, 0x0000000100000000)
  region size 1024K, 2 young (2048K), 2 survivors (2048K)
 Metaspace       used 101531K, committed 102336K, reserved 1179648K
  class space    used 14184K, committed 14592K, reserved 1048576K
}
Event: 26.095 GC heap before
{Heap before GC invocations=27 (full 0):
 garbage-first heap   total 233472K, used 187534K [0x0000000080000000, 0x0000000100000000)
  region size 1024K, 91 young (93184K), 2 survivors (2048K)
 Metaspace       used 110458K, committed 111296K, reserved 1179648K
  class space    used 15734K, committed 16128K, reserved 1048576K
}
Event: 26.111 GC heap after
{Heap after GC invocations=28 (full 0):
 garbage-first heap   total 233472K, used 103158K [0x0000000080000000, 0x0000000100000000)
  region size 1024K, 7 young (7168K), 7 survivors (7168K)
 Metaspace       used 110458K, committed 111296K, reserved 1179648K
  class space    used 15734K, committed 16128K, reserved 1048576K
}
Event: 27.247 GC heap before
{Heap before GC invocations=28 (full 0):
 garbage-first heap   total 233472K, used 188150K [0x0000000080000000, 0x0000000100000000)
  region size 1024K, 91 young (93184K), 7 survivors (7168K)
 Metaspace       used 113951K, committed 114752K, reserved 1179648K
  class space    used 16235K, committed 16640K, reserved 1048576K
}
Event: 27.263 GC heap after
{Heap after GC invocations=29 (full 0):
 garbage-first heap   total 233472K, used 106869K [0x0000000080000000, 0x0000000100000000)
  region size 1024K, 5 young (5120K), 5 survivors (5120K)
 Metaspace       used 113951K, committed 114752K, reserved 1179648K
  class space    used 16235K, committed 16640K, reserved 1048576K
}
Event: 28.336 GC heap before
{Heap before GC invocations=29 (full 0):
 garbage-first heap   total 233472K, used 190837K [0x0000000080000000, 0x0000000100000000)
  region size 1024K, 87 young (89088K), 5 survivors (5120K)
 Metaspace       used 115851K, committed 116672K, reserved 1179648K
  class space    used 16517K, committed 16896K, reserved 1048576K
}
Event: 28.353 GC heap after
{Heap after GC invocations=30 (full 0):
 garbage-first heap   total 233472K, used 113111K [0x0000000080000000, 0x0000000100000000)
  region size 1024K, 11 young (11264K), 11 survivors (11264K)
 Metaspace       used 115851K, committed 116672K, reserved 1179648K
  class space    used 16517K, committed 16896K, reserved 1048576K
}
Event: 28.554 GC heap before
{Heap before GC invocations=30 (full 0):
 garbage-first heap   total 233472K, used 124375K [0x0000000080000000, 0x0000000100000000)
  region size 1024K, 23 young (23552K), 11 survivors (11264K)
 Metaspace       used 115892K, committed 116736K, reserved 1179648K
  class space    used 16517K, committed 16896K, reserved 1048576K
}
Event: 28.572 GC heap after
{Heap after GC invocations=31 (full 0):
 garbage-first heap   total 233472K, used 115740K [0x0000000080000000, 0x0000000100000000)
  region size 1024K, 3 young (3072K), 3 survivors (3072K)
 Metaspace       used 115892K, committed 116736K, reserved 1179648K
  class space    used 16517K, committed 16896K, reserved 1048576K
}
Event: 154.415 GC heap before
{Heap before GC invocations=32 (full 0):
 garbage-first heap   total 233472K, used 220188K [0x0000000080000000, 0x0000000100000000)
  region size 1024K, 74 young (75776K), 3 survivors (3072K)
 Metaspace       used 120358K, committed 121216K, reserved 1179648K
  class space    used 17103K, committed 17536K, reserved 1048576K
}
Event: 154.424 GC heap after
{Heap after GC invocations=33 (full 0):
 garbage-first heap   total 233472K, used 118119K [0x0000000080000000, 0x0000000100000000)
  region size 1024K, 6 young (6144K), 6 survivors (6144K)
 Metaspace       used 120358K, committed 121216K, reserved 1179648K
  class space    used 17103K, committed 17536K, reserved 1048576K
}
Event: 154.692 GC heap before
{Heap before GC invocations=33 (full 0):
 garbage-first heap   total 233472K, used 123239K [0x0000000080000000, 0x0000000100000000)
  region size 1024K, 11 young (11264K), 6 survivors (6144K)
 Metaspace       used 120436K, committed 121280K, reserved 1179648K
  class space    used 17106K, committed 17536K, reserved 1048576K
}
Event: 154.707 GC heap after
{Heap after GC invocations=34 (full 0):
 garbage-first heap   total 233472K, used 116641K [0x0000000080000000, 0x0000000100000000)
  region size 1024K, 2 young (2048K), 2 survivors (2048K)
 Metaspace       used 120436K, committed 121280K, reserved 1179648K
  class space    used 17106K, committed 17536K, reserved 1048576K
}
Event: 155.904 GC heap before
{Heap before GC invocations=34 (full 0):
 garbage-first heap   total 233472K, used 158625K [0x0000000080000000, 0x0000000100000000)
  region size 1024K, 45 young (46080K), 2 survivors (2048K)
 Metaspace       used 121150K, committed 121984K, reserved 1179648K
  class space    used 17144K, committed 17536K, reserved 1048576K
}
Event: 155.918 GC heap after
{Heap after GC invocations=35 (full 0):
 garbage-first heap   total 233472K, used 122120K [0x0000000080000000, 0x0000000100000000)
  region size 1024K, 7 young (7168K), 7 survivors (7168K)
 Metaspace       used 121150K, committed 121984K, reserved 1179648K
  class space    used 17144K, committed 17536K, reserved 1048576K
}
Event: 157.616 GC heap before
{Heap before GC invocations=36 (full 0):
 garbage-first heap   total 233472K, used 205064K [0x0000000080000000, 0x0000000100000000)
  region size 1024K, 72 young (73728K), 7 survivors (7168K)
 Metaspace       used 125259K, committed 126144K, reserved 1179648K
  class space    used 17620K, committed 18048K, reserved 1048576K
}
Event: 157.649 GC heap after
{Heap after GC invocations=37 (full 0):
 garbage-first heap   total 233472K, used 137602K [0x0000000080000000, 0x0000000100000000)
  region size 1024K, 9 young (9216K), 9 survivors (9216K)
 Metaspace       used 125259K, committed 126144K, reserved 1179648K
  class space    used 17620K, committed 18048K, reserved 1048576K
}
Event: 157.691 GC heap before
{Heap before GC invocations=37 (full 0):
 garbage-first heap   total 233472K, used 139650K [0x0000000080000000, 0x0000000100000000)
  region size 1024K, 11 young (11264K), 9 survivors (9216K)
 Metaspace       used 125444K, committed 126336K, reserved 1179648K
  class space    used 17637K, committed 18112K, reserved 1048576K
}
Event: 157.715 GC heap after
{Heap after GC invocations=38 (full 0):
 garbage-first heap   total 233472K, used 122191K [0x0000000080000000, 0x0000000100000000)
  region size 1024K, 2 young (2048K), 2 survivors (2048K)
 Metaspace       used 125444K, committed 126336K, reserved 1179648K
  class space    used 17637K, committed 18112K, reserved 1048576K
}
Event: 157.860 GC heap before
{Heap before GC invocations=38 (full 0):
 garbage-first heap   total 233472K, used 130383K [0x0000000080000000, 0x0000000100000000)
  region size 1024K, 11 young (11264K), 2 survivors (2048K)
 Metaspace       used 126305K, committed 127232K, reserved 1179648K
  class space    used 17726K, committed 18176K, reserved 1048576K
}

