# JRE version: OpenJDK Runtime Environment (17.0.11) (build 17.0.11+0--11852314)
# Java VM: OpenJDK 64-Bit Server VM (17.0.11+0--11852314, mixed mode, tiered, compressed oops, compressed class ptrs, g1 gc, windows-amd64)
GC Precious Log:
 CPUs: 8 total, 8 available
 Memory: 20389M
 Large Page Support: Disabled
 NUMA Support: Disabled
 Compressed Oops: Enabled (32-bit)
 Heap Region Size: 1M
 Heap Min Capacity: 8M
 Heap Initial Capacity: 320M
 Heap Max Capacity: 2G
 Pre-touch: Disabled
 Parallel Workers: 8
 Concurrent Workers: 2
 Concurrent Refinement Workers: 8
 Periodic GC: Disabled
Heap:
 garbage-first heap   total 464896K, used 120661K [0x0000000080000000, 0x0000000100000000)
  region size 1024K, 2 young (2048K), 2 survivors (2048K)
 Metaspace       used 158709K, committed 160896K, reserved 1245184K
  class space    used 20832K, committed 21888K, reserved 1048576K
GC Heap History (20 events):
Event: 7672.449 GC heap after
{Heap after GC invocations=130 (full 0):
 garbage-first heap   total 464896K, used 138812K [0x0000000080000000, 0x0000000100000000)
  region size 1024K, 3 young (3072K), 3 survivors (3072K)
 Metaspace       used 158900K, committed 160832K, reserved 1245184K
  class space    used 20954K, committed 21888K, reserved 1048576K
}
Event: 7672.635 GC heap before
{Heap before GC invocations=130 (full 0):
 garbage-first heap   total 464896K, used 158268K [0x0000000080000000, 0x0000000100000000)
  region size 1024K, 24 young (24576K), 3 survivors (3072K)
 Metaspace       used 158900K, committed 160832K, reserved 1245184K
  class space    used 20954K, committed 21888K, reserved 1048576K
}
Event: 7672.649 GC heap after
{Heap after GC invocations=131 (full 0):
 garbage-first heap   total 464896K, used 145980K [0x0000000080000000, 0x0000000100000000)
  region size 1024K, 10 young (10240K), 10 survivors (10240K)
 Metaspace       used 158900K, committed 160832K, reserved 1245184K
  class space    used 20954K, committed 21888K, reserved 1048576K
}
Event: 7677.414 GC heap before
{Heap before GC invocations=132 (full 0):
 garbage-first heap   total 464896K, used 371260K [0x0000000080000000, 0x0000000100000000)
  region size 1024K, 210 young (215040K), 10 survivors (10240K)
 Metaspace       used 158254K, committed 160896K, reserved 1245184K
  class space    used 20810K, committed 21888K, reserved 1048576K
}
Event: 7677.439 GC heap after
{Heap after GC invocations=133 (full 0):
 garbage-first heap   total 464896K, used 157604K [0x0000000080000000, 0x0000000100000000)
  region size 1024K, 20 young (20480K), 20 survivors (20480K)
 Metaspace       used 158254K, committed 160896K, reserved 1245184K
  class space    used 20810K, committed 21888K, reserved 1048576K
}
Event: 7677.446 GC heap before
{Heap before GC invocations=133 (full 0):
 garbage-first heap   total 464896K, used 159652K [0x0000000080000000, 0x0000000100000000)
  region size 1024K, 22 young (22528K), 20 survivors (20480K)
 Metaspace       used 158254K, committed 160896K, reserved 1245184K
  class space    used 20810K, committed 21888K, reserved 1048576K
}
Event: 7677.484 GC heap after
{Heap after GC invocations=134 (full 0):
 garbage-first heap   total 464896K, used 142618K [0x0000000080000000, 0x0000000100000000)
  region size 1024K, 3 young (3072K), 3 survivors (3072K)
 Metaspace       used 158254K, committed 160896K, reserved 1245184K
  class space    used 20810K, committed 21888K, reserved 1048576K
}
Event: 7677.836 GC heap before
{Heap before GC invocations=134 (full 0):
 garbage-first heap   total 464896K, used 207130K [0x0000000080000000, 0x0000000100000000)
  region size 1024K, 68 young (69632K), 3 survivors (3072K)
 Metaspace       used 158258K, committed 160896K, reserved 1245184K
  class space    used 20810K, committed 21888K, reserved 1048576K
}
Event: 7677.843 GC heap after
{Heap after GC invocations=135 (full 0):
 garbage-first heap   total 464896K, used 143785K [0x0000000080000000, 0x0000000100000000)
  region size 1024K, 4 young (4096K), 4 survivors (4096K)
 Metaspace       used 158258K, committed 160896K, reserved 1245184K
  class space    used 20810K, committed 21888K, reserved 1048576K
}
Event: 9260.985 GC heap before
{Heap before GC invocations=136 (full 0):
 garbage-first heap   total 464896K, used 363945K [0x0000000080000000, 0x0000000100000000)
  region size 1024K, 201 young (205824K), 4 survivors (4096K)
 Metaspace       used 158766K, committed 160896K, reserved 1245184K
  class space    used 20881K, committed 21888K, reserved 1048576K
}
Event: 9260.994 GC heap after
{Heap after GC invocations=137 (full 0):
 garbage-first heap   total 464896K, used 131086K [0x0000000080000000, 0x0000000100000000)
  region size 1024K, 6 young (6144K), 6 survivors (6144K)
 Metaspace       used 158766K, committed 160896K, reserved 1245184K
  class space    used 20881K, committed 21888K, reserved 1048576K
}
Event: 9261.092 GC heap before
{Heap before GC invocations=137 (full 0):
 garbage-first heap   total 464896K, used 147470K [0x0000000080000000, 0x0000000100000000)
  region size 1024K, 22 young (22528K), 6 survivors (6144K)
 Metaspace       used 158808K, committed 160896K, reserved 1245184K
  class space    used 20882K, committed 21888K, reserved 1048576K
}
Event: 9261.107 GC heap after
{Heap after GC invocations=138 (full 0):
 garbage-first heap   total 464896K, used 126249K [0x0000000080000000, 0x0000000100000000)
  region size 1024K, 3 young (3072K), 3 survivors (3072K)
 Metaspace       used 158808K, committed 160896K, reserved 1245184K
  class space    used 20882K, committed 21888K, reserved 1048576K
}
Event: 9336.945 GC heap before
{Heap before GC invocations=138 (full 0):
 garbage-first heap   total 464896K, used 247081K [0x0000000080000000, 0x0000000100000000)
  region size 1024K, 123 young (125952K), 3 survivors (3072K)
 Metaspace       used 158883K, committed 160896K, reserved 1245184K
  class space    used 20889K, committed 21888K, reserved 1048576K
}
Event: 9336.959 GC heap after
{Heap after GC invocations=139 (full 0):
 garbage-first heap   total 464896K, used 139960K [0x0000000080000000, 0x0000000100000000)
  region size 1024K, 17 young (17408K), 17 survivors (17408K)
 Metaspace       used 158883K, committed 160896K, reserved 1245184K
  class space    used 20889K, committed 21888K, reserved 1048576K
}
Event: 9713.039 GC heap before
{Heap before GC invocations=140 (full 0):
 garbage-first heap   total 464896K, used 375480K [0x0000000080000000, 0x0000000100000000)
  region size 1024K, 218 young (223232K), 17 survivors (17408K)
 Metaspace       used 158667K, committed 160896K, reserved 1245184K
  class space    used 20829K, committed 21888K, reserved 1048576K
}
Event: 9713.065 GC heap after
{Heap after GC invocations=141 (full 0):
 garbage-first heap   total 464896K, used 144433K [0x0000000080000000, 0x0000000100000000)
  region size 1024K, 16 young (16384K), 16 survivors (16384K)
 Metaspace       used 158667K, committed 160896K, reserved 1245184K
  class space    used 20829K, committed 21888K, reserved 1048576K
}
Event: 9713.087 GC heap before
{Heap before GC invocations=141 (full 0):
 garbage-first heap   total 464896K, used 150577K [0x0000000080000000, 0x0000000100000000)
  region size 1024K, 22 young (22528K), 16 survivors (16384K)
 Metaspace       used 158672K, committed 160896K, reserved 1245184K
  class space    used 20829K, committed 21888K, reserved 1048576K
}
Event: 9713.121 GC heap after
{Heap after GC invocations=142 (full 0):
 garbage-first heap   total 464896K, used 120829K [0x0000000080000000, 0x0000000100000000)
  region size 1024K, 2 young (2048K), 2 survivors (2048K)
 Metaspace       used 158672K, committed 160896K, reserved 1245184K
  class space    used 20829K, committed 21888K, reserved 1048576K
}
Event: 9713.773 GC heap before
{Heap before GC invocations=142 (full 0):
 garbage-first heap   total 464896K, used 155645K [0x0000000080000000, 0x0000000100000000)
  region size 1024K, 38 young (38912K), 2 survivors (2048K)
 Metaspace       used 158709K, committed 160896K, reserved 1245184K
  class space    used 20832K, committed 21888K, reserved 1048576K
}

