# JRE version: OpenJDK Runtime Environment (17.0.11) (build 17.0.11+0--11852314)
# Java VM: OpenJDK 64-Bit Server VM (17.0.11+0--11852314, mixed mode, tiered, compressed oops, compressed class ptrs, g1 gc, windows-amd64)
GC Precious Log:
 CPUs: 8 total, 8 available
 Memory: 20389M
 Large Page Support: Disabled
 NUMA Support: Disabled
 Compressed Oops: Enabled (32-bit)
 Heap Region Size: 1M
 Heap Min Capacity: 8M
 Heap Initial Capacity: 320M
 Heap Max Capacity: 2G
 Pre-touch: Disabled
 Parallel Workers: 8
 Concurrent Workers: 2
 Concurrent Refinement Workers: 8
 Periodic GC: Disabled
Heap:
 garbage-first heap   total 403456K, used 193215K [0x0000000080000000, 0x0000000100000000)
  region size 1024K, 55 young (56320K), 19 survivors (19456K)
 Metaspace       used 118274K, committed 119168K, reserved 1179648K
  class space    used 15914K, committed 16320K, reserved 1048576K
GC Heap History (20 events):
Event: 57.435 GC heap before
{Heap before GC invocations=23 (full 0):
 garbage-first heap   total 199680K, used 169457K [0x0000000080000000, 0x0000000100000000)
  region size 1024K, 59 young (60416K), 9 survivors (9216K)
 Metaspace       used 100189K, committed 100928K, reserved 1179648K
  class space    used 13793K, committed 14144K, reserved 1048576K
}
Event: 57.449 GC heap after
{Heap after GC invocations=24 (full 0):
 garbage-first heap   total 199680K, used 120286K [0x0000000080000000, 0x0000000100000000)
  region size 1024K, 8 young (8192K), 8 survivors (8192K)
 Metaspace       used 100189K, committed 100928K, reserved 1179648K
  class space    used 13793K, committed 14144K, reserved 1048576K
}
Event: 57.478 GC heap before
{Heap before GC invocations=24 (full 0):
 garbage-first heap   total 199680K, used 121310K [0x0000000080000000, 0x0000000100000000)
  region size 1024K, 9 young (9216K), 8 survivors (8192K)
 Metaspace       used 100191K, committed 100928K, reserved 1179648K
  class space    used 13793K, committed 14144K, reserved 1048576K
}
Event: 57.488 GC heap after
{Heap after GC invocations=25 (full 0):
 garbage-first heap   total 199680K, used 116143K [0x0000000080000000, 0x0000000100000000)
  region size 1024K, 2 young (2048K), 2 survivors (2048K)
 Metaspace       used 100191K, committed 100928K, reserved 1179648K
  class space    used 13793K, committed 14144K, reserved 1048576K
}
Event: 58.292 GC heap before
{Heap before GC invocations=25 (full 0):
 garbage-first heap   total 199680K, used 156079K [0x0000000080000000, 0x0000000100000000)
  region size 1024K, 41 young (41984K), 2 survivors (2048K)
 Metaspace       used 102508K, committed 103296K, reserved 1179648K
  class space    used 14067K, committed 14464K, reserved 1048576K
}
Event: 58.303 GC heap after
{Heap after GC invocations=26 (full 0):
 garbage-first heap   total 199680K, used 118571K [0x0000000080000000, 0x0000000100000000)
  region size 1024K, 4 young (4096K), 4 survivors (4096K)
 Metaspace       used 102508K, committed 103296K, reserved 1179648K
  class space    used 14067K, committed 14464K, reserved 1048576K
}
Event: 59.700 GC heap before
{Heap before GC invocations=27 (full 0):
 garbage-first heap   total 208896K, used 175915K [0x0000000080000000, 0x0000000100000000)
  region size 1024K, 43 young (44032K), 4 survivors (4096K)
 Metaspace       used 103056K, committed 103872K, reserved 1179648K
  class space    used 14111K, committed 14528K, reserved 1048576K
}
Event: 59.717 GC heap after
{Heap after GC invocations=28 (full 0):
 garbage-first heap   total 208896K, used 122150K [0x0000000080000000, 0x0000000100000000)
  region size 1024K, 4 young (4096K), 4 survivors (4096K)
 Metaspace       used 103056K, committed 103872K, reserved 1179648K
  class space    used 14111K, committed 14528K, reserved 1048576K
}
Event: 59.749 GC heap before
{Heap before GC invocations=28 (full 0):
 garbage-first heap   total 208896K, used 128294K [0x0000000080000000, 0x0000000100000000)
  region size 1024K, 10 young (10240K), 4 survivors (4096K)
 Metaspace       used 103070K, committed 103872K, reserved 1179648K
  class space    used 14111K, committed 14528K, reserved 1048576K
}
Event: 59.761 GC heap after
{Heap after GC invocations=29 (full 0):
 garbage-first heap   total 208896K, used 121330K [0x0000000080000000, 0x0000000100000000)
  region size 1024K, 2 young (2048K), 2 survivors (2048K)
 Metaspace       used 103070K, committed 103872K, reserved 1179648K
  class space    used 14111K, committed 14528K, reserved 1048576K
}
Event: 60.298 GC heap before
{Heap before GC invocations=29 (full 0):
 garbage-first heap   total 208896K, used 165362K [0x0000000080000000, 0x0000000100000000)
  region size 1024K, 46 young (47104K), 2 survivors (2048K)
 Metaspace       used 106328K, committed 107136K, reserved 1179648K
  class space    used 14426K, committed 14848K, reserved 1048576K
}
Event: 60.312 GC heap after
{Heap after GC invocations=30 (full 0):
 garbage-first heap   total 434176K, used 126412K [0x0000000080000000, 0x0000000100000000)
  region size 1024K, 6 young (6144K), 6 survivors (6144K)
 Metaspace       used 106328K, committed 107136K, reserved 1179648K
  class space    used 14426K, committed 14848K, reserved 1048576K
}
Event: 62.275 GC heap before
{Heap before GC invocations=31 (full 0):
 garbage-first heap   total 403456K, used 288204K [0x0000000080000000, 0x0000000100000000)
  region size 1024K, 165 young (168960K), 6 survivors (6144K)
 Metaspace       used 109050K, committed 109888K, reserved 1179648K
  class space    used 14675K, committed 15104K, reserved 1048576K
}
Event: 62.296 GC heap after
{Heap after GC invocations=32 (full 0):
 garbage-first heap   total 403456K, used 111033K [0x0000000080000000, 0x0000000100000000)
  region size 1024K, 7 young (7168K), 7 survivors (7168K)
 Metaspace       used 109050K, committed 109888K, reserved 1179648K
  class space    used 14675K, committed 15104K, reserved 1048576K
}
Event: 62.449 GC heap before
{Heap before GC invocations=32 (full 0):
 garbage-first heap   total 403456K, used 122297K [0x0000000080000000, 0x0000000100000000)
  region size 1024K, 19 young (19456K), 7 survivors (7168K)
 Metaspace       used 109059K, committed 109888K, reserved 1179648K
  class space    used 14675K, committed 15104K, reserved 1048576K
}
Event: 62.459 GC heap after
{Heap after GC invocations=33 (full 0):
 garbage-first heap   total 403456K, used 106611K [0x0000000080000000, 0x0000000100000000)
  region size 1024K, 3 young (3072K), 3 survivors (3072K)
 Metaspace       used 109059K, committed 109888K, reserved 1179648K
  class space    used 14675K, committed 15104K, reserved 1048576K
}
Event: 65.232 GC heap before
{Heap before GC invocations=33 (full 0):
 garbage-first heap   total 403456K, used 303219K [0x0000000080000000, 0x0000000100000000)
  region size 1024K, 196 young (200704K), 3 survivors (3072K)
 Metaspace       used 113224K, committed 114048K, reserved 1179648K
  class space    used 15197K, committed 15616K, reserved 1048576K
}
Event: 65.253 GC heap after
{Heap after GC invocations=34 (full 0):
 garbage-first heap   total 403456K, used 117712K [0x0000000080000000, 0x0000000100000000)
  region size 1024K, 14 young (14336K), 14 survivors (14336K)
 Metaspace       used 113224K, committed 114048K, reserved 1179648K
  class space    used 15197K, committed 15616K, reserved 1048576K
}
Event: 67.040 GC heap before
{Heap before GC invocations=34 (full 0):
 garbage-first heap   total 403456K, used 345040K [0x0000000080000000, 0x0000000100000000)
  region size 1024K, 196 young (200704K), 14 survivors (14336K)
 Metaspace       used 118241K, committed 119104K, reserved 1179648K
  class space    used 15914K, committed 16320K, reserved 1048576K
}
Event: 67.064 GC heap after
{Heap after GC invocations=35 (full 0):
 garbage-first heap   total 403456K, used 155327K [0x0000000080000000, 0x0000000100000000)
  region size 1024K, 19 young (19456K), 19 survivors (19456K)
 Metaspace       used 118241K, committed 119104K, reserved 1179648K
  class space    used 15914K, committed 16320K, reserved 1048576K
}

