# JRE version: OpenJDK Runtime Environment (17.0.11) (build 17.0.11+0--11852314)
# Java VM: OpenJDK 64-Bit Server VM (17.0.11+0--11852314, mixed mode, tiered, compressed oops, compressed class ptrs, g1 gc, windows-amd64)
GC Precious Log:
 CPUs: 8 total, 8 available
 Memory: 20389M
 Large Page Support: Disabled
 NUMA Support: Disabled
 Compressed Oops: Enabled (32-bit)
 Heap Region Size: 1M
 Heap Min Capacity: 8M
 Heap Initial Capacity: 320M
 Heap Max Capacity: 2G
 Pre-touch: Disabled
 Parallel Workers: 8
 Concurrent Workers: 2
 Concurrent Refinement Workers: 8
 Periodic GC: Disabled
Heap:
 garbage-first heap   total 327680K, used 123440K [0x0000000080000000, 0x0000000100000000)
  region size 1024K, 6 young (6144K), 6 survivors (6144K)
 Metaspace       used 103976K, committed 104768K, reserved 1179648K
  class space    used 14162K, committed 14592K, reserved 1048576K
GC Heap History (20 events):
Event: 18.730 GC heap after
{Heap after GC invocations=19 (full 0):
 garbage-first heap   total 191488K, used 74131K [0x0000000080000000, 0x0000000100000000)
  region size 1024K, 7 young (7168K), 7 survivors (7168K)
 Metaspace       used 87832K, committed 88448K, reserved 1179648K
  class space    used 12252K, committed 12544K, reserved 1048576K
}
Event: 20.290 GC heap before
{Heap before GC invocations=19 (full 0):
 garbage-first heap   total 191488K, used 152979K [0x0000000080000000, 0x0000000100000000)
  region size 1024K, 85 young (87040K), 7 survivors (7168K)
 Metaspace       used 93646K, committed 94400K, reserved 1179648K
  class space    used 13092K, committed 13440K, reserved 1048576K
}
Event: 20.313 GC heap after
{Heap after GC invocations=20 (full 0):
 garbage-first heap   total 191488K, used 81874K [0x0000000080000000, 0x0000000100000000)
  region size 1024K, 11 young (11264K), 11 survivors (11264K)
 Metaspace       used 93646K, committed 94400K, reserved 1179648K
  class space    used 13092K, committed 13440K, reserved 1048576K
}
Event: 21.011 GC heap before
{Heap before GC invocations=20 (full 0):
 garbage-first heap   total 191488K, used 151506K [0x0000000080000000, 0x0000000100000000)
  region size 1024K, 80 young (81920K), 11 survivors (11264K)
 Metaspace       used 94135K, committed 94848K, reserved 1179648K
  class space    used 13173K, committed 13504K, reserved 1048576K
}
Event: 21.033 GC heap after
{Heap after GC invocations=21 (full 0):
 garbage-first heap   total 191488K, used 86082K [0x0000000080000000, 0x0000000100000000)
  region size 1024K, 6 young (6144K), 6 survivors (6144K)
 Metaspace       used 94135K, committed 94848K, reserved 1179648K
  class space    used 13173K, committed 13504K, reserved 1048576K
}
Event: 22.871 GC heap before
{Heap before GC invocations=21 (full 0):
 garbage-first heap   total 191488K, used 147522K [0x0000000080000000, 0x0000000100000000)
  region size 1024K, 63 young (64512K), 6 survivors (6144K)
 Metaspace       used 97315K, committed 98048K, reserved 1179648K
  class space    used 13450K, committed 13824K, reserved 1048576K
}
Event: 22.889 GC heap after
{Heap after GC invocations=22 (full 0):
 garbage-first heap   total 191488K, used 94508K [0x0000000080000000, 0x0000000100000000)
  region size 1024K, 9 young (9216K), 9 survivors (9216K)
 Metaspace       used 97315K, committed 98048K, reserved 1179648K
  class space    used 13450K, committed 13824K, reserved 1048576K
}
Event: 22.890 GC heap before
{Heap before GC invocations=22 (full 0):
 garbage-first heap   total 191488K, used 95532K [0x0000000080000000, 0x0000000100000000)
  region size 1024K, 10 young (10240K), 9 survivors (9216K)
 Metaspace       used 97316K, committed 98048K, reserved 1179648K
  class space    used 13450K, committed 13824K, reserved 1048576K
}
Event: 22.903 GC heap after
{Heap after GC invocations=23 (full 0):
 garbage-first heap   total 191488K, used 95896K [0x0000000080000000, 0x0000000100000000)
  region size 1024K, 1 young (1024K), 1 survivors (1024K)
 Metaspace       used 97316K, committed 98048K, reserved 1179648K
  class space    used 13450K, committed 13824K, reserved 1048576K
}
Event: 24.552 GC heap before
{Heap before GC invocations=24 (full 0):
 garbage-first heap   total 191488K, used 168600K [0x0000000080000000, 0x0000000100000000)
  region size 1024K, 58 young (59392K), 1 survivors (1024K)
 Metaspace       used 97919K, committed 98688K, reserved 1179648K
  class space    used 13511K, committed 13888K, reserved 1048576K
}
Event: 24.573 GC heap after
{Heap after GC invocations=25 (full 0):
 garbage-first heap   total 191488K, used 116326K [0x0000000080000000, 0x0000000100000000)
  region size 1024K, 8 young (8192K), 8 survivors (8192K)
 Metaspace       used 97919K, committed 98688K, reserved 1179648K
  class space    used 13511K, committed 13888K, reserved 1048576K
}
Event: 24.600 GC heap before
{Heap before GC invocations=25 (full 0):
 garbage-first heap   total 191488K, used 117350K [0x0000000080000000, 0x0000000100000000)
  region size 1024K, 9 young (9216K), 8 survivors (8192K)
 Metaspace       used 97920K, committed 98688K, reserved 1179648K
  class space    used 13511K, committed 13888K, reserved 1048576K
}
Event: 24.613 GC heap after
{Heap after GC invocations=26 (full 0):
 garbage-first heap   total 191488K, used 116525K [0x0000000080000000, 0x0000000100000000)
  region size 1024K, 2 young (2048K), 2 survivors (2048K)
 Metaspace       used 97920K, committed 98688K, reserved 1179648K
  class space    used 13511K, committed 13888K, reserved 1048576K
}
Event: 25.907 GC heap before
{Heap before GC invocations=26 (full 0):
 garbage-first heap   total 191488K, used 155437K [0x0000000080000000, 0x0000000100000000)
  region size 1024K, 40 young (40960K), 2 survivors (2048K)
 Metaspace       used 100228K, committed 100928K, reserved 1179648K
  class space    used 13788K, committed 14144K, reserved 1048576K
}
Event: 25.916 GC heap after
{Heap after GC invocations=27 (full 0):
 garbage-first heap   total 191488K, used 118000K [0x0000000080000000, 0x0000000100000000)
  region size 1024K, 3 young (3072K), 3 survivors (3072K)
 Metaspace       used 100228K, committed 100928K, reserved 1179648K
  class space    used 13788K, committed 14144K, reserved 1048576K
}
Event: 26.931 GC heap before
{Heap before GC invocations=28 (full 0):
 garbage-first heap   total 198656K, used 171248K [0x0000000080000000, 0x0000000100000000)
  region size 1024K, 41 young (41984K), 3 survivors (3072K)
 Metaspace       used 100889K, committed 101632K, reserved 1179648K
  class space    used 13855K, committed 14208K, reserved 1048576K
}
Event: 26.946 GC heap after
{Heap after GC invocations=29 (full 0):
 garbage-first heap   total 198656K, used 120278K [0x0000000080000000, 0x0000000100000000)
  region size 1024K, 6 young (6144K), 6 survivors (6144K)
 Metaspace       used 100889K, committed 101632K, reserved 1179648K
  class space    used 13855K, committed 14208K, reserved 1048576K
}
Event: 26.962 GC heap before
{Heap before GC invocations=29 (full 0):
 garbage-first heap   total 198656K, used 122326K [0x0000000080000000, 0x0000000100000000)
  region size 1024K, 9 young (9216K), 6 survivors (6144K)
 Metaspace       used 100908K, committed 101632K, reserved 1179648K
  class space    used 13858K, committed 14208K, reserved 1048576K
}
Event: 26.972 GC heap after
{Heap after GC invocations=30 (full 0):
 garbage-first heap   total 198656K, used 119103K [0x0000000080000000, 0x0000000100000000)
  region size 1024K, 2 young (2048K), 2 survivors (2048K)
 Metaspace       used 100908K, committed 101632K, reserved 1179648K
  class space    used 13858K, committed 14208K, reserved 1048576K
}
Event: 27.397 GC heap before
{Heap before GC invocations=30 (full 0):
 garbage-first heap   total 198656K, used 160063K [0x0000000080000000, 0x0000000100000000)
  region size 1024K, 43 young (44032K), 2 survivors (2048K)
 Metaspace       used 103976K, committed 104768K, reserved 1179648K
  class space    used 14162K, committed 14592K, reserved 1048576K
}

